<?xml version="1.0" encoding="UTF-8"?>
<testng-results skipped="0" failed="1" ignored="0" total="11" passed="10">
  <reporter-output>
  </reporter-output>
  <suite name="Suite" duration-ms="67720" started-at="2018-12-19T19:39:49Z" finished-at="2018-12-19T19:40:56Z">
    <groups>
    </groups>
    <test name="Test" duration-ms="67720" started-at="2018-12-19T19:39:49Z" finished-at="2018-12-19T19:40:56Z">
      <class name="moi.master6">
        <test-method status="PASS" signature="fdd()[pri:0, instance:moi.master6@4c70fda8]" name="fdd" duration-ms="8232" started-at="2018-12-19T13:39:49Z" finished-at="2018-12-19T13:39:57Z">
          <reporter-output>
          </reporter-output>
        </test-method> <!-- fdd -->
        <test-method status="PASS" signature="fgt()[pri:1, instance:moi.master6@4c70fda8]" name="fgt" duration-ms="4386" started-at="2018-12-19T13:39:57Z" finished-at="2018-12-19T13:40:01Z">
          <reporter-output>
          </reporter-output>
        </test-method> <!-- fgt -->
        <test-method status="PASS" signature="joim(java.lang.String, java.lang.String, java.lang.String, java.lang.String)[pri:2, instance:moi.master6@4c70fda8]" name="joim" duration-ms="8197" started-at="2018-12-19T13:40:01Z" finished-at="2018-12-19T13:40:09Z">
          <params>
            <param index="0">
              <value>
                <![CDATA[mani]]>
              </value>
            </param>
            <param index="1">
              <value>
                <![CDATA[vallapu]]>
              </value>
            </param>
            <param index="2">
              <value>
                <![CDATA[987878]]>
              </value>
            </param>
            <param index="3">
              <value>
                <![CDATA[male]]>
              </value>
            </param>
          </params>
          <reporter-output>
          </reporter-output>
        </test-method> <!-- joim -->
        <test-method status="PASS" signature="go(java.lang.String, java.lang.String, java.lang.String, java.lang.String, java.lang.String, java.lang.String)[pri:3, instance:moi.master6@4c70fda8]" name="go" duration-ms="5751" started-at="2018-12-19T13:40:09Z" finished-at="2018-12-19T13:40:15Z">
          <params>
            <param index="0">
              <value>
                <![CDATA[joiny]]>
              </value>
            </param>
            <param index="1">
              <value>
                <![CDATA[safilguda]]>
              </value>
            </param>
            <param index="2">
              <value>
                <![CDATA[telangana]]>
              </value>
            </param>
            <param index="3">
              <value>
                <![CDATA[pak]]>
              </value>
            </param>
            <param index="4">
              <value>
                <![CDATA[malkajgiri]]>
              </value>
            </param>
            <param index="5">
              <value>
                <![CDATA[500056]]>
              </value>
            </param>
          </params>
          <reporter-output>
          </reporter-output>
        </test-method> <!-- go -->
        <test-method status="PASS" signature="fah(java.lang.String, java.lang.String, java.lang.String)[pri:4, instance:moi.master6@4c70fda8]" name="fah" duration-ms="2567" started-at="2018-12-19T13:40:15Z" finished-at="2018-12-19T13:40:18Z">
          <params>
            <param index="0">
              <value>
                <![CDATA[9878987998]]>
              </value>
            </param>
            <param index="1">
              <value>
                <![CDATA[9878987998]]>
              </value>
            </param>
            <param index="2">
              <value>
                <![CDATA[9878987998]]>
              </value>
            </param>
          </params>
          <reporter-output>
          </reporter-output>
        </test-method> <!-- fah -->
        <test-method status="PASS" signature="ee()[pri:5, instance:moi.master6@4c70fda8]" name="ee" duration-ms="8787" started-at="2018-12-19T13:40:18Z" finished-at="2018-12-19T13:40:27Z">
          <reporter-output>
          </reporter-output>
        </test-method> <!-- ee -->
        <test-method status="PASS" signature="mpc()[pri:6, instance:moi.master6@4c70fda8]" name="mpc" duration-ms="14819" started-at="2018-12-19T13:40:27Z" finished-at="2018-12-19T13:40:41Z">
          <reporter-output>
          </reporter-output>
        </test-method> <!-- mpc -->
        <test-method status="PASS" signature="rtrr()[pri:7, instance:moi.master6@4c70fda8]" name="rtrr" duration-ms="4200" started-at="2018-12-19T13:40:41Z" finished-at="2018-12-19T13:40:46Z">
          <reporter-output>
          </reporter-output>
        </test-method> <!-- rtrr -->
        <test-method status="PASS" signature="gd(java.lang.String)[pri:8, instance:moi.master6@4c70fda8]" name="gd" duration-ms="2317" started-at="2018-12-19T13:40:46Z" data-provider="TestData" finished-at="2018-12-19T13:40:49Z">
          <params>
            <param index="0">
              <value>
                <![CDATA[8927076191405357723]]>
              </value>
            </param>
          </params>
          <reporter-output>
          </reporter-output>
        </test-method> <!-- gd -->
        <test-method status="PASS" signature="gd(java.lang.String)[pri:8, instance:moi.master6@4c70fda8]" name="gd" duration-ms="2215" started-at="2018-12-19T13:40:49Z" data-provider="TestData" finished-at="2018-12-19T13:40:51Z">
          <params>
            <param index="0">
              <value>
                <![CDATA[8927076191405357722]]>
              </value>
            </param>
          </params>
          <reporter-output>
          </reporter-output>
        </test-method> <!-- gd -->
        <test-method status="FAIL" signature="gty()[pri:9, instance:moi.master6@4c70fda8]" name="gty" duration-ms="5315" started-at="2018-12-19T13:40:51Z" finished-at="2018-12-19T13:40:56Z">
          <exception class="org.openqa.selenium.NoSuchElementException">
            <message>
              <![CDATA[no such element: Unable to locate element: {"method":"xpath","selector":"//span[contains(@id,'ce-cnt')]"}
  (Session info: chrome=71.0.3578.98)
  (Driver info: chromedriver=2.41.578737 (49da6702b16031c40d63e5618de03a32ff6c197e),platform=Windows NT 6.2.9200 x86_64) (WARNING: The server did not provide any stacktrace information)
Command duration or timeout: 0 milliseconds
For documentation on this error, please visit: http://seleniumhq.org/exceptions/no_such_element.html
Build info: version: '3.12.0', revision: '7c6e0b3', time: '2018-05-08T14:04:26.12Z'
System info: host: 'MANI', ip: '192.168.248.132', os.name: 'Windows 8', os.arch: 'amd64', os.version: '6.2', java.version: '1.8.0_181'
Driver info: org.openqa.selenium.chrome.ChromeDriver
Capabilities {acceptInsecureCerts: false, acceptSslCerts: false, applicationCacheEnabled: false, browserConnectionEnabled: false, browserName: chrome, chrome: {chromedriverVersion: 2.41.578737 (49da6702b16031..., userDataDir: C:\Users\manideep\AppData\L...}, cssSelectorsEnabled: true, databaseEnabled: false, goog:chromeOptions: {debuggerAddress: localhost:55888}, handlesAlerts: true, hasTouchScreen: false, javascriptEnabled: true, locationContextEnabled: true, mobileEmulationEnabled: false, nativeEvents: true, networkConnectionEnabled: false, pageLoadStrategy: normal, platform: XP, platformName: XP, rotatable: false, setWindowRect: true, takesHeapSnapshot: true, takesScreenshot: true, unexpectedAlertBehaviour: , unhandledPromptBehavior: , version: 71.0.3578.98, webStorageEnabled: true}
Session ID: 08d2cfe16944efb8591cb883fad95ab0
*** Element info: {Using=xpath, value=//span[contains(@id,'ce-cnt')]}]]>
            </message>
            <full-stacktrace>
              <![CDATA[org.openqa.selenium.NoSuchElementException: no such element: Unable to locate element: {"method":"xpath","selector":"//span[contains(@id,'ce-cnt')]"}
  (Session info: chrome=71.0.3578.98)
  (Driver info: chromedriver=2.41.578737 (49da6702b16031c40d63e5618de03a32ff6c197e),platform=Windows NT 6.2.9200 x86_64) (WARNING: The server did not provide any stacktrace information)
Command duration or timeout: 0 milliseconds
For documentation on this error, please visit: http://seleniumhq.org/exceptions/no_such_element.html
Build info: version: '3.12.0', revision: '7c6e0b3', time: '2018-05-08T14:04:26.12Z'
System info: host: 'MANI', ip: '192.168.248.132', os.name: 'Windows 8', os.arch: 'amd64', os.version: '6.2', java.version: '1.8.0_181'
Driver info: org.openqa.selenium.chrome.ChromeDriver
Capabilities {acceptInsecureCerts: false, acceptSslCerts: false, applicationCacheEnabled: false, browserConnectionEnabled: false, browserName: chrome, chrome: {chromedriverVersion: 2.41.578737 (49da6702b16031..., userDataDir: C:\Users\manideep\AppData\L...}, cssSelectorsEnabled: true, databaseEnabled: false, goog:chromeOptions: {debuggerAddress: localhost:55888}, handlesAlerts: true, hasTouchScreen: false, javascriptEnabled: true, locationContextEnabled: true, mobileEmulationEnabled: false, nativeEvents: true, networkConnectionEnabled: false, pageLoadStrategy: normal, platform: XP, platformName: XP, rotatable: false, setWindowRect: true, takesHeapSnapshot: true, takesScreenshot: true, unexpectedAlertBehaviour: , unhandledPromptBehavior: , version: 71.0.3578.98, webStorageEnabled: true}
Session ID: 08d2cfe16944efb8591cb883fad95ab0
*** Element info: {Using=xpath, value=//span[contains(@id,'ce-cnt')]}
	at sun.reflect.NativeConstructorAccessorImpl.newInstance0(Native Method)
	at sun.reflect.NativeConstructorAccessorImpl.newInstance(Unknown Source)
	at sun.reflect.DelegatingConstructorAccessorImpl.newInstance(Unknown Source)
	at java.lang.reflect.Constructor.newInstance(Unknown Source)
	at org.openqa.selenium.remote.ErrorHandler.createThrowable(ErrorHandler.java:214)
	at org.openqa.selenium.remote.ErrorHandler.throwIfResponseFailed(ErrorHandler.java:166)
	at org.openqa.selenium.remote.http.JsonHttpResponseCodec.reconstructValue(JsonHttpResponseCodec.java:40)
	at org.openqa.selenium.remote.http.AbstractHttpResponseCodec.decode(AbstractHttpResponseCodec.java:80)
	at org.openqa.selenium.remote.http.AbstractHttpResponseCodec.decode(AbstractHttpResponseCodec.java:44)
	at org.openqa.selenium.remote.HttpCommandExecutor.execute(HttpCommandExecutor.java:158)
	at org.openqa.selenium.remote.service.DriverCommandExecutor.execute(DriverCommandExecutor.java:83)
	at org.openqa.selenium.remote.RemoteWebDriver.execute(RemoteWebDriver.java:543)
	at org.openqa.selenium.remote.RemoteWebDriver.findElement(RemoteWebDriver.java:317)
	at org.openqa.selenium.remote.RemoteWebDriver.findElementByXPath(RemoteWebDriver.java:419)
	at org.openqa.selenium.By$ByXPath.findElement(By.java:353)
	at org.openqa.selenium.remote.RemoteWebDriver.findElement(RemoteWebDriver.java:309)
	at org.openqa.selenium.support.pagefactory.DefaultElementLocator.findElement(DefaultElementLocator.java:69)
	at org.openqa.selenium.support.pagefactory.internal.LocatingElementHandler.invoke(LocatingElementHandler.java:38)
	at com.sun.proxy.$Proxy9.click(Unknown Source)
	at condrapages.conpages5.nae(conpages5.java:122)
	at moi.master6.gty(master6.java:146)
	at sun.reflect.NativeMethodAccessorImpl.invoke0(Native Method)
	at sun.reflect.NativeMethodAccessorImpl.invoke(Unknown Source)
	at sun.reflect.DelegatingMethodAccessorImpl.invoke(Unknown Source)
	at java.lang.reflect.Method.invoke(Unknown Source)
	at org.testng.internal.MethodInvocationHelper.invokeMethod(MethodInvocationHelper.java:104)
	at org.testng.internal.Invoker.invokeMethod(Invoker.java:645)
	at org.testng.internal.Invoker.invokeTestMethod(Invoker.java:851)
	at org.testng.internal.Invoker.invokeTestMethods(Invoker.java:1177)
	at org.testng.internal.TestMethodWorker.invokeTestMethods(TestMethodWorker.java:129)
	at org.testng.internal.TestMethodWorker.run(TestMethodWorker.java:112)
	at org.testng.TestRunner.privateRun(TestRunner.java:756)
	at org.testng.TestRunner.run(TestRunner.java:610)
	at org.testng.SuiteRunner.runTest(SuiteRunner.java:387)
	at org.testng.SuiteRunner.runSequentially(SuiteRunner.java:382)
	at org.testng.SuiteRunner.privateRun(SuiteRunner.java:340)
	at org.testng.SuiteRunner.run(SuiteRunner.java:289)
	at org.testng.SuiteRunnerWorker.runSuite(SuiteRunnerWorker.java:52)
	at org.testng.SuiteRunnerWorker.run(SuiteRunnerWorker.java:86)
	at org.testng.TestNG.runSuitesSequentially(TestNG.java:1293)
	at org.testng.TestNG.runSuitesLocally(TestNG.java:1218)
	at org.testng.TestNG.runSuites(TestNG.java:1133)
	at org.testng.TestNG.run(TestNG.java:1104)
	at org.testng.remote.AbstractRemoteTestNG.run(AbstractRemoteTestNG.java:114)
	at org.testng.remote.RemoteTestNG.initAndRun(RemoteTestNG.java:251)
	at org.testng.remote.RemoteTestNG.main(RemoteTestNG.java:77)
]]>
            </full-stacktrace>
          </exception> <!-- org.openqa.selenium.NoSuchElementException -->
          <reporter-output>
          </reporter-output>
        </test-method> <!-- gty -->
      </class> <!-- moi.master6 -->
    </test> <!-- Test -->
  </suite> <!-- Suite -->
</testng-results>
