<?xml version="1.0" encoding="UTF-8"?>
<testng-results skipped="1" failed="0" ignored="0" total="6" passed="5">
  <reporter-output>
  </reporter-output>
  <suite name="Suite" duration-ms="137516" started-at="2018-10-09T13:02:45Z" finished-at="2018-10-09T13:05:03Z">
    <groups>
    </groups>
    <test name="Test" duration-ms="137516" started-at="2018-10-09T13:02:45Z" finished-at="2018-10-09T13:05:03Z">
      <class name="demofreecrm.freecrmcontact">
        <test-method status="PASS" signature="loveu()[pri:0, instance:demofreecrm.freecrmcontact@61832929]" name="loveu" is-config="true" duration-ms="24843" started-at="2018-10-09T08:03:24Z" finished-at="2018-10-09T08:03:49Z">
          <reporter-output>
          </reporter-output>
        </test-method> <!-- loveu -->
        <test-method status="PASS" signature="fgd(java.lang.String, java.lang.String, java.lang.String, java.lang.String)[pri:0, instance:demofreecrm.freecrmcontact@61832929]" name="fgd" duration-ms="4253" started-at="2018-10-09T08:03:49Z" data-provider="getCRMTestData" finished-at="2018-10-09T08:03:53Z">
          <params>
            <param index="0">
              <value>
                <![CDATA[manideep]]>
              </value>
            </param>
            <param index="1">
              <value>
                <![CDATA[I love you baby]]>
              </value>
            </param>
            <param index="2">
              <value>
                <![CDATA[9.849267299E9]]>
              </value>
            </param>
            <param index="3">
              <value>
                <![CDATA[prmokap]]>
              </value>
            </param>
          </params>
          <reporter-output>
          </reporter-output>
        </test-method> <!-- fgd -->
        <test-method status="PASS" signature="loveu()[pri:0, instance:demofreecrm.freecrmcontact@61832929]" name="loveu" is-config="true" duration-ms="23949" started-at="2018-10-09T08:03:53Z" finished-at="2018-10-09T08:04:17Z">
          <reporter-output>
          </reporter-output>
        </test-method> <!-- loveu -->
        <test-method status="PASS" signature="fgd(java.lang.String, java.lang.String, java.lang.String, java.lang.String)[pri:0, instance:demofreecrm.freecrmcontact@61832929]" name="fgd" duration-ms="2657" started-at="2018-10-09T08:04:17Z" data-provider="getCRMTestData" finished-at="2018-10-09T08:04:20Z">
          <params>
            <param index="0">
              <value>
                <![CDATA[jfkf]]>
              </value>
            </param>
            <param index="1">
              <value>
                <![CDATA[fddf]]>
              </value>
            </param>
            <param index="2">
              <value>
                <![CDATA[dd]]>
              </value>
            </param>
            <param index="3">
              <value>
                <![CDATA[ss]]>
              </value>
            </param>
          </params>
          <reporter-output>
          </reporter-output>
        </test-method> <!-- fgd -->
        <test-method status="PASS" signature="loveu()[pri:0, instance:demofreecrm.freecrmcontact@61832929]" name="loveu" is-config="true" duration-ms="20573" started-at="2018-10-09T08:04:20Z" finished-at="2018-10-09T08:04:41Z">
          <reporter-output>
          </reporter-output>
        </test-method> <!-- loveu -->
        <test-method status="PASS" signature="fgd(java.lang.String, java.lang.String, java.lang.String, java.lang.String)[pri:0, instance:demofreecrm.freecrmcontact@61832929]" name="fgd" duration-ms="2369" started-at="2018-10-09T08:04:41Z" data-provider="getCRMTestData" finished-at="2018-10-09T08:04:43Z">
          <params>
            <param index="0">
              <value>
                <![CDATA[s]]>
              </value>
            </param>
            <param index="1">
              <value>
                <![CDATA[s]]>
              </value>
            </param>
            <param index="2">
              <value>
                <![CDATA[s]]>
              </value>
            </param>
            <param index="3">
              <value>
                <![CDATA[d]]>
              </value>
            </param>
          </params>
          <reporter-output>
          </reporter-output>
        </test-method> <!-- fgd -->
        <test-method status="PASS" signature="loveu()[pri:0, instance:demofreecrm.freecrmcontact@61832929]" name="loveu" is-config="true" duration-ms="17377" started-at="2018-10-09T08:04:43Z" finished-at="2018-10-09T08:05:00Z">
          <reporter-output>
          </reporter-output>
        </test-method> <!-- loveu -->
        <test-method status="PASS" signature="fgd(java.lang.String, java.lang.String, java.lang.String, java.lang.String)[pri:0, instance:demofreecrm.freecrmcontact@61832929]" name="fgd" duration-ms="2477" started-at="2018-10-09T08:05:00Z" data-provider="getCRMTestData" finished-at="2018-10-09T08:05:03Z">
          <params>
            <param index="0">
              <value>
                <![CDATA[d]]>
              </value>
            </param>
            <param index="1">
              <value>
                <![CDATA[g]]>
              </value>
            </param>
            <param index="2">
              <value>
                <![CDATA[w]]>
              </value>
            </param>
            <param index="3">
              <value>
                <![CDATA[tgg]]>
              </value>
            </param>
          </params>
          <reporter-output>
          </reporter-output>
        </test-method> <!-- fgd -->
      </class> <!-- demofreecrm.freecrmcontact -->
      <class name="demofreecrm.freecrmtest1">
        <test-method status="FAIL" signature="loveu()[pri:0, instance:demofreecrm.freecrmtest1@29774679]" name="loveu" is-config="true" duration-ms="0" started-at="2018-10-09T08:05:03Z" finished-at="2018-10-09T08:05:03Z">
          <exception class="java.lang.Error">
            <message>
              <![CDATA[Unresolved compilation problem: 
	The method jat() is undefined for the type freecrmpages
]]>
            </message>
            <full-stacktrace>
              <![CDATA[java.lang.Error: Unresolved compilation problem: 
	The method jat() is undefined for the type freecrmpages

	at demofreecrm.freecrmtest1.loveu(freecrmtest1.java:40)
	at sun.reflect.NativeMethodAccessorImpl.invoke0(Native Method)
	at sun.reflect.NativeMethodAccessorImpl.invoke(Unknown Source)
	at sun.reflect.DelegatingMethodAccessorImpl.invoke(Unknown Source)
	at java.lang.reflect.Method.invoke(Unknown Source)
	at org.testng.internal.MethodInvocationHelper.invokeMethod(MethodInvocationHelper.java:104)
	at org.testng.internal.Invoker.invokeConfigurationMethod(Invoker.java:515)
	at org.testng.internal.Invoker.invokeConfigurations(Invoker.java:217)
	at org.testng.internal.Invoker.invokeMethod(Invoker.java:590)
	at org.testng.internal.Invoker.invokeTestMethod(Invoker.java:851)
	at org.testng.internal.Invoker.invokeTestMethods(Invoker.java:1177)
	at org.testng.internal.TestMethodWorker.invokeTestMethods(TestMethodWorker.java:129)
	at org.testng.internal.TestMethodWorker.run(TestMethodWorker.java:112)
	at org.testng.TestRunner.privateRun(TestRunner.java:756)
	at org.testng.TestRunner.run(TestRunner.java:610)
	at org.testng.SuiteRunner.runTest(SuiteRunner.java:387)
	at org.testng.SuiteRunner.runSequentially(SuiteRunner.java:382)
	at org.testng.SuiteRunner.privateRun(SuiteRunner.java:340)
	at org.testng.SuiteRunner.run(SuiteRunner.java:289)
	at org.testng.SuiteRunnerWorker.runSuite(SuiteRunnerWorker.java:52)
	at org.testng.SuiteRunnerWorker.run(SuiteRunnerWorker.java:86)
	at org.testng.TestNG.runSuitesSequentially(TestNG.java:1293)
	at org.testng.TestNG.runSuitesLocally(TestNG.java:1218)
	at org.testng.TestNG.runSuites(TestNG.java:1133)
	at org.testng.TestNG.run(TestNG.java:1104)
	at org.testng.remote.AbstractRemoteTestNG.run(AbstractRemoteTestNG.java:114)
	at org.testng.remote.RemoteTestNG.initAndRun(RemoteTestNG.java:251)
	at org.testng.remote.RemoteTestNG.main(RemoteTestNG.java:77)
]]>
            </full-stacktrace>
          </exception> <!-- java.lang.Error -->
          <reporter-output>
          </reporter-output>
        </test-method> <!-- loveu -->
        <test-method status="SKIP" signature="anf()[pri:0, instance:demofreecrm.freecrmtest1@29774679]" name="anf" duration-ms="0" started-at="2018-10-09T08:05:03Z" finished-at="2018-10-09T08:05:03Z">
          <exception class="java.lang.Error">
            <message>
              <![CDATA[Unresolved compilation problem: 
	The method jat() is undefined for the type freecrmpages
]]>
            </message>
            <full-stacktrace>
              <![CDATA[java.lang.Error: Unresolved compilation problem: 
	The method jat() is undefined for the type freecrmpages

	at demofreecrm.freecrmtest1.loveu(freecrmtest1.java:40)
	at sun.reflect.NativeMethodAccessorImpl.invoke0(Native Method)
	at sun.reflect.NativeMethodAccessorImpl.invoke(Unknown Source)
	at sun.reflect.DelegatingMethodAccessorImpl.invoke(Unknown Source)
	at java.lang.reflect.Method.invoke(Unknown Source)
	at org.testng.internal.MethodInvocationHelper.invokeMethod(MethodInvocationHelper.java:104)
	at org.testng.internal.Invoker.invokeConfigurationMethod(Invoker.java:515)
	at org.testng.internal.Invoker.invokeConfigurations(Invoker.java:217)
	at org.testng.internal.Invoker.invokeMethod(Invoker.java:590)
	at org.testng.internal.Invoker.invokeTestMethod(Invoker.java:851)
	at org.testng.internal.Invoker.invokeTestMethods(Invoker.java:1177)
	at org.testng.internal.TestMethodWorker.invokeTestMethods(TestMethodWorker.java:129)
	at org.testng.internal.TestMethodWorker.run(TestMethodWorker.java:112)
	at org.testng.TestRunner.privateRun(TestRunner.java:756)
	at org.testng.TestRunner.run(TestRunner.java:610)
	at org.testng.SuiteRunner.runTest(SuiteRunner.java:387)
	at org.testng.SuiteRunner.runSequentially(SuiteRunner.java:382)
	at org.testng.SuiteRunner.privateRun(SuiteRunner.java:340)
	at org.testng.SuiteRunner.run(SuiteRunner.java:289)
	at org.testng.SuiteRunnerWorker.runSuite(SuiteRunnerWorker.java:52)
	at org.testng.SuiteRunnerWorker.run(SuiteRunnerWorker.java:86)
	at org.testng.TestNG.runSuitesSequentially(TestNG.java:1293)
	at org.testng.TestNG.runSuitesLocally(TestNG.java:1218)
	at org.testng.TestNG.runSuites(TestNG.java:1133)
	at org.testng.TestNG.run(TestNG.java:1104)
	at org.testng.remote.AbstractRemoteTestNG.run(AbstractRemoteTestNG.java:114)
	at org.testng.remote.RemoteTestNG.initAndRun(RemoteTestNG.java:251)
	at org.testng.remote.RemoteTestNG.main(RemoteTestNG.java:77)
]]>
            </full-stacktrace>
          </exception> <!-- java.lang.Error -->
          <reporter-output>
          </reporter-output>
        </test-method> <!-- anf -->
      </class> <!-- demofreecrm.freecrmtest1 -->
      <class name="demobanktest.newbanktest">
        <test-method status="PASS" signature="eat()[pri:0, instance:demobanktest.newbanktest@5b275dab]" name="eat" is-config="true" duration-ms="26603" started-at="2018-10-09T08:02:45Z" finished-at="2018-10-09T08:03:12Z">
          <reporter-output>
          </reporter-output>
        </test-method> <!-- eat -->
        <test-method status="PASS" signature="ate()[pri:0, instance:demobanktest.newbanktest@5b275dab]" name="ate" duration-ms="11486" started-at="2018-10-09T08:03:12Z" finished-at="2018-10-09T08:03:23Z">
          <reporter-output>
          </reporter-output>
        </test-method> <!-- ate -->
        <test-method status="PASS" signature="pot()[pri:0, instance:demobanktest.newbanktest@5b275dab]" name="pot" is-config="true" duration-ms="159" started-at="2018-10-09T08:03:23Z" finished-at="2018-10-09T08:03:24Z">
          <reporter-output>
          </reporter-output>
        </test-method> <!-- pot -->
      </class> <!-- demobanktest.newbanktest -->
    </test> <!-- Test -->
  </suite> <!-- Suite -->
</testng-results>
