<?xml version="1.0" encoding="UTF-8"?>
<testng-results skipped="0" failed="0" ignored="0" total="1" passed="1">
  <reporter-output>
  </reporter-output>
  <suite name="Default suite" duration-ms="31063" started-at="2018-09-28T14:12:57Z" finished-at="2018-09-28T14:13:28Z">
    <groups>
    </groups>
    <test name="Default test" duration-ms="31063" started-at="2018-09-28T14:12:57Z" finished-at="2018-09-28T14:13:28Z">
      <class name="demobanktest.newbanktest">
        <test-method status="PASS" signature="eat()[pri:0, instance:demobanktest.newbanktest@3ffc5af1]" name="eat" is-config="true" duration-ms="18706" started-at="2018-09-28T09:12:57Z" finished-at="2018-09-28T09:13:16Z">
          <reporter-output>
          </reporter-output>
        </test-method> <!-- eat -->
        <test-method status="PASS" signature="ate()[pri:0, instance:demobanktest.newbanktest@3ffc5af1]" name="ate" duration-ms="12221" started-at="2018-09-28T09:13:16Z" finished-at="2018-09-28T09:13:28Z">
          <reporter-output>
          </reporter-output>
        </test-method> <!-- ate -->
        <test-method status="PASS" signature="pot()[pri:0, instance:demobanktest.newbanktest@3ffc5af1]" name="pot" is-config="true" duration-ms="108" started-at="2018-09-28T09:13:28Z" finished-at="2018-09-28T09:13:28Z">
          <reporter-output>
          </reporter-output>
        </test-method> <!-- pot -->
      </class> <!-- demobanktest.newbanktest -->
    </test> <!-- Default test -->
  </suite> <!-- Default suite -->
</testng-results>
