<?xml version="1.0" encoding="UTF-8"?>
<!-- Generated by org.testng.reporters.JUnitXMLReporter -->
<testsuite hostname="mani" ignored="0" name="Test" tests="2" failures="1" timestamp="29 Sep 2018 08:24:14 GMT" time="63.163" errors="0">
  <testcase name="fg" time="30.976" classname="demobanktest.gurutest">
    <failure type="java.lang.NullPointerException">
      <![CDATA[java.lang.NullPointerException
	at org.openqa.selenium.support.pagefactory.DefaultElementLocator.findElement(DefaultElementLocator.java:69)
	at org.openqa.selenium.support.pagefactory.internal.LocatingElementHandler.invoke(LocatingElementHandler.java:38)
	at com.sun.proxy.$Proxy9.sendKeys(Unknown Source)
	at demobankpage1.bank1.poste(bank1.java:31)
	at demobanktest.gurutest.fg(gurutest.java:28)
... Removed 25 stack frames]]>
    </failure>
  </testcase> <!-- fg -->
  <testcase name="ate" time="9.616" classname="demobanktest.newbanktest"/>
</testsuite> <!-- Test -->
