<?xml version="1.0" encoding="UTF-8"?>
<!-- Generated by org.testng.reporters.JUnitXMLReporter -->
<testsuite hostname="mani" ignored="0" name="Test" tests="6" failures="0" timestamp="09 Oct 2018 13:05:03 GMT" time="137.516" errors="0">
  <testcase name="@BeforeMethod loveu" time="0.0" classname="demofreecrm.freecrmtest1">
    <failure type="java.lang.Error" message="Unresolved compilation problem: 
	The method jat() is undefined for the type freecrmpages
">
      <![CDATA[java.lang.Error: Unresolved compilation problem: 
	The method jat() is undefined for the type freecrmpages

	at demofreecrm.freecrmtest1.loveu(freecrmtest1.java:40)
... Removed 27 stack frames]]>
    </failure>
  </testcase> <!-- @BeforeMethod loveu -->
  <testcase name="ate" time="11.486" classname="demobanktest.newbanktest"/>
  <testcase name="fgd" time="4.253" classname="demofreecrm.freecrmcontact"/>
  <testcase name="fgd" time="2.657" classname="demofreecrm.freecrmcontact"/>
  <testcase name="fgd" time="2.369" classname="demofreecrm.freecrmcontact"/>
  <testcase name="fgd" time="2.477" classname="demofreecrm.freecrmcontact"/>
  <testcase name="anf" time="0.0" classname="demofreecrm.freecrmtest1">
    <skipped/>
  </testcase> <!-- anf -->
</testsuite> <!-- Test -->
