<?xml version="1.0" encoding="UTF-8"?>
<testng-results skipped="0" failed="0" ignored="0" total="2" passed="2">
  <reporter-output>
  </reporter-output>
  <suite name="Default suite" duration-ms="57636" started-at="2019-04-23T11:36:14Z" finished-at="2019-04-23T11:37:12Z">
    <groups>
    </groups>
    <test name="Default test" duration-ms="57636" started-at="2019-04-23T11:36:14Z" finished-at="2019-04-23T11:37:12Z">
      <class name="makemytriptests.hometest">
        <test-method status="PASS" signature="home()[pri:0, instance:makemytriptests.hometest@eafc191]" name="home" is-config="true" duration-ms="15551" started-at="2019-04-23T11:36:14Z" finished-at="2019-04-23T11:36:29Z">
          <reporter-output>
          </reporter-output>
        </test-method> <!-- home -->
        <test-method status="PASS" signature="hj()[pri:0, instance:makemytriptests.hometest@eafc191]" name="hj" duration-ms="113" started-at="2019-04-23T11:36:29Z" finished-at="2019-04-23T11:36:30Z">
          <reporter-output>
          </reporter-output>
        </test-method> <!-- hj -->
        <test-method status="PASS" signature="home()[pri:0, instance:makemytriptests.hometest@eafc191]" name="home" is-config="true" duration-ms="28842" started-at="2019-04-23T11:36:30Z" finished-at="2019-04-23T11:36:58Z">
          <reporter-output>
          </reporter-output>
        </test-method> <!-- home -->
        <test-method status="PASS" signature="trop()[pri:0, instance:makemytriptests.hometest@eafc191]" name="trop" duration-ms="13092" started-at="2019-04-23T11:36:58Z" finished-at="2019-04-23T11:37:12Z">
          <reporter-output>
          </reporter-output>
        </test-method> <!-- trop -->
      </class> <!-- makemytriptests.hometest -->
    </test> <!-- Default test -->
  </suite> <!-- Default suite -->
</testng-results>
